11:00:03.726 [main] INFO  stepDefinition.RegisterStepDef - Register page is displayed
11:00:05.004 [main] INFO  stepDefinition.RegisterStepDef - Your account was created successfully. You are now logged in.
11:02:09.464 [main] INFO  stepDefinition.RegisterStepDef - Register page is displayed
11:02:10.595 [main] INFO  stepDefinition.RegisterStepDef - Your account was created successfully. You are now logged in.
11:04:42.973 [main] INFO  stepDefinition.RegisterStepDef - Register page is displayed
11:04:44.643 [main] INFO  stepDefinition.RegisterStepDef - Login messageYour account was created successfully. You are now logged in.
11:14:08.545 [main] INFO  stepDefinition.RegisterStepDef - Register page is displayed
11:14:09.603 [main] INFO  stepDefinition.RegisterStepDef - Register date are submited
11:14:09.658 [main] INFO  stepDefinition.RegisterStepDef - Login message: Your account was created successfully. You are now logged in.
11:14:33.806 [main] INFO  stepDefinition.RegisterStepDef - User is on Login page: https://parabank.parasoft.com/parabank/index.htm
16:32:05.251 [main] INFO  stepDefinition.RegisterStepDef - User is on Login page: https://parabank.parasoft.com/parabank/index.htm
16:33:05.056 [main] INFO  stepDefinition.RegisterStepDef - User is on Login page: https://parabank.parasoft.com/parabank/index.htm
16:34:07.729 [main] INFO  stepDefinition.LoginStepDef - User is on Login page: https://parabank.parasoft.com/parabank/index.htm
16:35:21.890 [main] INFO  stepDefinition.LoginStepDef - User is on Login page: https://parabank.parasoft.com/parabank/index.htm
16:41:16.356 [main] INFO  stepDefinition.LoginStepDef - User is on Login page: https://parabank.parasoft.com/parabank/index.htm
16:41:17.362 [main] INFO  stepDefinition.LoginStepDef - Login message: Accounts Overview
16:33:10.045 [main] INFO  stepDefinition.RegisterStepDef - Register page is displayed: https://parabank.parasoft.com/parabank/register.htm;jsessionid=F3E2B250D362D7789F5AF112EBB2FE33
16:33:11.776 [main] INFO  stepDefinition.RegisterStepDef - Register date are submited
16:33:11.845 [main] INFO  stepDefinition.RegisterStepDef - Login message: Your account was created successfully. You are now logged in.
16:33:53.264 [main] INFO  stepDefinition.LoginStepDef - User is on Login page: https://parabank.parasoft.com/parabank/index.htm
16:33:54.564 [main] INFO  stepDefinition.LoginStepDef - Login message: Accounts Overview
18:11:42.812 [main] INFO  stepDefinition.LoginStepDef - User is on Login page: https://parabank.parasoft.com/parabank/index.htm
19:09:56.538 [main] INFO  stepDefinition.RegisterStepDef - Register page is displayed: https://parabank.parasoft.com/parabank/register.htm;jsessionid=9ECB3B51AAA6921664C3F8FA4D3CEBA8
19:09:57.831 [main] INFO  stepDefinition.RegisterStepDef - Register date are submited
19:09:57.896 [main] INFO  stepDefinition.RegisterStepDef - Login message: Your account was created successfully. You are now logged in.
19:26:43.171 [main] INFO  stepDefinition.RegisterStepDef - Register page is displayed: https://parabank.parasoft.com/parabank/register.htm;jsessionid=4D29FEFD54AF19EA1CADFAAA73FD4F0D
19:26:44.259 [main] INFO  stepDefinition.RegisterStepDef - Register date are submited
19:27:17.230 [main] INFO  stepDefinition.RegisterStepDef - Register page is displayed: https://parabank.parasoft.com/parabank/register.htm;jsessionid=55C521592C7925830A1920F98BE8FE46
19:27:18.973 [main] INFO  stepDefinition.RegisterStepDef - Register date are submited
19:27:19.036 [main] INFO  stepDefinition.RegisterStepDef - Login message: Your account was created successfully. You are now logged in.
19:29:51.987 [main] INFO  stepDefinition.RegisterStepDef - Register page is displayed: https://parabank.parasoft.com/parabank/register.htm;jsessionid=599AD5CE69F0B8F9C1260AB17B59ECC1
19:29:53.447 [main] INFO  stepDefinition.RegisterStepDef - Register date are submited
19:29:53.518 [main] INFO  stepDefinition.RegisterStepDef - Login message: Your account was created successfully. You are now logged in.
19:30:36.496 [main] INFO  stepDefinition.RegisterStepDef - Register page is displayed: https://parabank.parasoft.com/parabank/register.htm;jsessionid=83027651C4AD99E59CEB6EF2E3A56D70
19:30:38.383 [main] INFO  stepDefinition.RegisterStepDef - Register date are submited
19:30:38.447 [main] INFO  stepDefinition.RegisterStepDef - Login message: Your account was created successfully. You are now logged in.
20:07:24.121 [main] INFO  stepDefinition.LoginStepDef - User is on Login page: https://parabank.parasoft.com/parabank/index.htm
20:07:26.699 [main] INFO  stepDefinition.LoginStepDef - Login message: Accounts Overview
20:07:47.894 [main] INFO  stepDefinition.LoginStepDef - User is on Login page: https://parabank.parasoft.com/parabank/index.htm
20:07:49.207 [main] INFO  stepDefinition.LoginStepDef - Login message: Accounts Overview
09:56:27.933 [main] INFO  stepDefinition.RegisterStepDef - Register page is displayed: https://parabank.parasoft.com/parabank/register.htm;jsessionid=B0863508A80F618F224A9B90B3E58D52
09:56:29.459 [main] INFO  stepDefinition.RegisterStepDef - Register date are submited
09:56:29.512 [main] INFO  stepDefinition.RegisterStepDef - Login message: Your account was created successfully. You are now logged in.
09:56:55.955 [main] INFO  stepDefinition.LoginStepDef - User is on Login page: https://parabank.parasoft.com/parabank/index.htm
09:56:57.663 [main] INFO  stepDefinition.LoginStepDef - Login message: Accounts Overview
